27.05.2015 21:29:50 AddClass Class_0
27.05.2015 21:29:51 AddClass Class_1
27.05.2015 21:30:06 AddClass Class_0
27.05.2015 21:30:06 AddClass Class_1
27.05.2015 21:30:12 AddAggregation Class_0
27.05.2015 21:30:40 AddClass Class_0
27.05.2015 21:30:41 AddClass Class_1
27.05.2015 21:30:42 AddAggregation Class_1
27.05.2015 21:38:58 AddClass Class_0
28.05.2015 12:05:18 AddClass Class_0
28.05.2015 12:05:20 AddClass Class_1
28.05.2015 12:05:23 DeleteClass Class_1
28.05.2015 12:05:24 DeleteClass Class_0
28.05.2015 12:05:27 AddClass Animals
28.05.2015 12:05:28 AddClass CustomExpressionEvaluator
28.05.2015 12:05:28 AddClass ExpressionEvaluator
28.05.2015 12:05:28 AddClass IFuelConsumer
28.05.2015 12:05:28 AddClass ILoggable
28.05.2015 12:05:28 AddClass IShuffle
28.05.2015 12:07:28 SaveFiles CustomExpressionEvaluator
28.05.2015 12:07:28 SaveFiles ExpressionEvaluator
28.05.2015 12:07:28 SaveFiles IShuffle
28.05.2015 12:07:28 SaveFiles IFuelConsumer
28.05.2015 12:07:28 SaveFiles ILoggable
28.05.2015 12:07:28 SaveFiles Animals
28.05.2015 13:47:26 AddClass Animals
28.05.2015 13:48:03 AddClass CustomExpressionEvaluator
28.05.2015 13:48:03 AddClass ExpressionEvaluator
28.05.2015 13:48:03 AddClass IFuelConsumer
28.05.2015 13:48:03 AddClass ILoggable
28.05.2015 13:48:03 AddClass IShuffle
28.05.2015 13:48:13 DeleteClass Animals
28.05.2015 13:48:14 DeleteClass CustomExpressionEvaluator
28.05.2015 13:48:15 DeleteClass ExpressionEvaluator
28.05.2015 13:48:17 DeleteClass IShuffle
28.05.2015 13:48:18 DeleteClass IFuelConsumer
28.05.2015 13:48:18 DeleteClass ILoggable
28.05.2015 13:48:34 AddClass Animals
28.05.2015 13:48:34 AddClass CustomExpressionEvaluator
28.05.2015 13:48:34 AddClass ExpressionEvaluator
28.05.2015 13:48:34 AddClass IFuelConsumer
28.05.2015 13:48:34 AddClass ILoggable
28.05.2015 13:48:34 AddClass IShuffle
28.05.2015 13:50:49 SaveFiles Animals
28.05.2015 13:50:49 SaveFiles CustomExpressionEvaluator
28.05.2015 13:50:49 SaveFiles ExpressionEvaluator
28.05.2015 13:50:49 SaveFiles IFuelConsumer
28.05.2015 13:50:49 SaveFiles ILoggable
28.05.2015 13:50:49 SaveFiles IShuffle
28.05.2015 14:09:27 AddClass Animals
28.05.2015 14:09:27 AddClass CustomExpressionEvaluator
28.05.2015 14:09:27 AddClass ExpressionEvaluator
28.05.2015 14:09:27 AddClass IFuelConsumer
28.05.2015 14:09:27 AddClass ILoggable
28.05.2015 14:09:27 AddClass IShuffle
28.05.2015 14:09:36 DeleteClass Animals
28.05.2015 14:09:39 DeleteClass ILoggable
28.05.2015 14:09:56 AddAggregation CustomExpressionEvaluator
28.05.2015 14:10:14 SaveFiles IShuffle
28.05.2015 14:10:14 SaveFiles IFuelConsumer
28.05.2015 14:10:14 SaveFiles ExpressionEvaluator
28.05.2015 14:10:14 SaveFiles CustomExpressionEvaluator
28.05.2015 14:17:30 AddClass Class_0
28.05.2015 14:17:31 AddClass Class_1
28.05.2015 14:17:39 SaveFiles Class_1
28.05.2015 14:17:39 SaveFiles Class_0
28.05.2015 14:19:57 AddClass Class_0
28.05.2015 14:19:57 AddClass Class_1
28.05.2015 14:20:03 AddAggregation Class_1
28.05.2015 14:20:10 SaveFiles Class_0
28.05.2015 14:20:10 SaveFiles Class_1
28.05.2015 14:22:43 AddClass Class_0
28.05.2015 14:22:43 AddClass Class_1
28.05.2015 14:22:46 AddAggregation Class_1
28.05.2015 14:22:54 SaveFiles Class_1
28.05.2015 14:22:54 SaveFiles Class_0
28.05.2015 14:24:38 AddClass Class_0
28.05.2015 14:24:38 AddClass Class_1
28.05.2015 14:24:41 AddAggregation Class_1
28.05.2015 14:24:47 SaveFiles Class_1
28.05.2015 14:24:47 SaveFiles Class_0
28.05.2015 14:29:04 AddClass Animals
28.05.2015 14:29:04 AddClass CustomExpressionEvaluator
28.05.2015 14:29:04 AddClass ExpressionEvaluator
28.05.2015 14:29:04 AddClass IFuelConsumer
28.05.2015 14:29:04 AddClass ILoggable
28.05.2015 14:29:04 AddClass IShuffle
28.05.2015 14:29:10 SaveFiles Animals
28.05.2015 14:29:10 SaveFiles CustomExpressionEvaluator
28.05.2015 14:29:10 SaveFiles ExpressionEvaluator
28.05.2015 14:29:10 SaveFiles IFuelConsumer
28.05.2015 14:29:10 SaveFiles ILoggable
28.05.2015 14:29:10 SaveFiles IShuffle
28.05.2015 14:33:00 AddClass Class_0
28.05.2015 14:33:01 AddClass Class_1
28.05.2015 14:33:03 AddAggregation Class_1
28.05.2015 14:33:08 SaveFiles Class_1
28.05.2015 14:33:08 SaveFiles Class_0
28.05.2015 14:33:31 AddClass Class_0
28.05.2015 14:33:31 AddClass Class_1
28.05.2015 14:33:33 AddAggregation Class_1
28.05.2015 14:33:38 SaveFiles Class_1
28.05.2015 14:33:38 SaveFiles Class_0
28.05.2015 14:33:50 SaveFiles Class_0.h
28.05.2015 14:34:19 AddClass Animals
28.05.2015 14:34:19 AddClass CustomExpressionEvaluator
28.05.2015 14:34:19 AddClass ExpressionEvaluator
28.05.2015 14:34:19 AddClass IFuelConsumer
28.05.2015 14:34:19 AddClass ILoggable
28.05.2015 14:34:19 AddClass IShuffle
28.05.2015 14:34:22 DeleteClass Animals
28.05.2015 14:34:24 DeleteClass ILoggable
28.05.2015 14:34:30 AddAggregation ExpressionEvaluator
28.05.2015 14:34:41 AddClass Class_0
28.05.2015 14:34:42 DeleteClass Class_0
28.05.2015 14:34:51 AddClass Animals
28.05.2015 14:34:51 AddClass CustomExpressionEvaluator
28.05.2015 14:34:51 AddClass ExpressionEvaluator
28.05.2015 14:34:51 AddClass IFuelConsumer
28.05.2015 14:34:51 AddClass ILoggable
28.05.2015 14:34:51 AddClass IShuffle
28.05.2015 14:34:53 DeleteClass Animals
28.05.2015 14:34:55 DeleteClass ILoggable
28.05.2015 14:35:01 AddAggregation CustomExpressionEvaluator
28.05.2015 14:35:16 SaveFiles ExpressionEvaluator
28.05.2015 14:35:16 SaveFiles CustomExpressionEvaluator
28.05.2015 14:35:16 SaveFiles IShuffle
28.05.2015 14:35:16 SaveFiles IFuelConsumer
28.05.2015 14:35:31 SaveFiles ExpressionEvaluator.h
28.05.2015 14:40:55 AddClass Class_0
28.05.2015 14:42:50 AddClass Class_0
28.05.2015 14:42:50 AddClass Class_1
28.05.2015 14:42:50 AddClass Class_2
28.05.2015 14:42:50 AddClass Class_3
28.05.2015 14:42:51 AddClass Class_4
28.05.2015 14:42:51 AddClass Class_5
28.05.2015 14:42:51 AddClass Class_6
28.05.2015 14:42:51 AddClass Class_7
28.05.2015 19:06:13 AddClass Class_0
28.05.2015 19:06:13 AddClass Class_1
28.05.2015 19:06:15 AddAggregation Class_0
28.05.2015 19:06:21 AddAggregation Class_1
28.05.2015 19:06:37 AddAggregation Class_1
28.05.2015 19:06:49 AddAggregation Class_0
28.05.2015 19:06:58 AddClass Class_2
28.05.2015 19:07:01 AddAggregation Class_1
28.05.2015 19:07:04 AddAggregation Class_1
28.05.2015 19:07:19 AddAggregation Class_1
28.05.2015 19:07:21 AddAggregation Class_2
28.05.2015 19:07:33 AddAggregation Class_2
28.05.2015 19:07:43 AddAggregation Class_0
28.05.2015 19:07:52 AddAggregation Class_0
28.05.2015 20:13:49 AddClass Animals
28.05.2015 20:13:49 AddClass CustomExpressionEvaluator
28.05.2015 20:13:49 AddClass ExpressionEvaluator
28.05.2015 20:14:51 AddClass Animals
28.05.2015 20:14:51 AddClass ExpressionEvaluator
28.05.2015 20:17:53 AddClass Animals
28.05.2015 20:17:53 AddClass CustomExpressionEvaluator
28.05.2015 20:17:53 AddClass ExpressionEvaluator
28.05.2015 20:17:53 AddClass IFuelConsumer
28.05.2015 20:17:53 AddClass ILoggable
28.05.2015 20:17:53 AddClass IShuffle
28.05.2015 20:19:33 AddClass Animals
28.05.2015 20:19:34 AddClass CustomExpressionEvaluator
28.05.2015 20:19:34 AddClass ExpressionEvaluator
28.05.2015 20:19:34 AddClass IFuelConsumer
28.05.2015 20:19:34 AddClass ILoggable
28.05.2015 20:19:34 AddClass IShuffle
28.05.2015 20:21:28 AddClass Animals
28.05.2015 20:21:28 AddClass ExpressionEvaluator
28.05.2015 20:21:28 AddClass IFuelConsumer
28.05.2015 20:21:28 AddClass ILoggable
28.05.2015 20:21:28 AddClass IShuffle
28.05.2015 20:21:29 AddClass CustomExpressionEvaluator
28.05.2015 20:36:27 AddClass Animals
28.05.2015 20:36:27 AddClass ExpressionEvaluator
28.05.2015 20:36:27 AddClass IFuelConsumer
28.05.2015 20:36:27 AddClass ILoggable
28.05.2015 20:36:27 AddClass IShuffle
28.05.2015 20:36:28 AddClass CustomExpressionEvaluator
28.05.2015 20:37:04 AddClass Animals
28.05.2015 20:37:04 AddClass ExpressionEvaluator
28.05.2015 20:37:04 AddClass IFuelConsumer
28.05.2015 20:37:04 AddClass ILoggable
28.05.2015 20:37:04 AddClass IShuffle
28.05.2015 20:37:05 AddClass CustomExpressionEvaluator
28.05.2015 20:37:25 AddClass Animals
28.05.2015 20:37:25 AddClass ExpressionEvaluator
28.05.2015 20:37:25 AddClass IFuelConsumer
28.05.2015 20:37:25 AddClass ILoggable
28.05.2015 20:37:25 AddClass IShuffle
28.05.2015 20:37:26 AddClass CustomExpressionEvaluator
28.05.2015 20:37:53 AddClass Animals
28.05.2015 20:37:53 AddClass ExpressionEvaluator
28.05.2015 20:37:53 AddClass IFuelConsumer
28.05.2015 20:37:53 AddClass ILoggable
28.05.2015 20:37:53 AddClass IShuffle
28.05.2015 20:37:54 AddClass CustomExpressionEvaluator
28.05.2015 20:38:06 AddClass Animals
28.05.2015 20:38:06 AddClass ExpressionEvaluator
28.05.2015 20:38:06 AddClass IFuelConsumer
28.05.2015 20:38:07 AddClass ILoggable
28.05.2015 20:38:07 AddClass IShuffle
28.05.2015 20:38:08 AddClass CustomExpressionEvaluator
28.05.2015 20:40:33 AddClass Animals
28.05.2015 20:40:34 AddClass CustomExpressionEvaluator
28.05.2015 20:40:34 AddClass ExpressionEvaluator
28.05.2015 20:40:34 AddClass IFuelConsumer
28.05.2015 20:40:34 AddClass ILoggable
28.05.2015 20:40:34 AddClass IShuffle
28.05.2015 20:46:38 AddClass Animals
28.05.2015 20:46:39 AddClass CustomExpressionEvaluator
28.05.2015 20:46:39 AddClass ExpressionEvaluator
28.05.2015 20:46:39 AddClass IFuelConsumer
28.05.2015 20:46:39 AddClass ILoggable
28.05.2015 20:46:39 AddClass IShuffle
28.05.2015 20:47:12 AddClass Animals
28.05.2015 20:47:13 AddClass CustomExpressionEvaluator
28.05.2015 20:47:13 AddClass ExpressionEvaluator
28.05.2015 20:47:13 AddClass IFuelConsumer
28.05.2015 20:47:13 AddClass ILoggable
28.05.2015 20:47:13 AddClass IShuffle
28.05.2015 20:48:37 AddClass Animals
28.05.2015 20:48:38 AddClass CustomExpressionEvaluator
28.05.2015 20:48:38 AddClass ExpressionEvaluator
28.05.2015 20:48:38 AddClass IFuelConsumer
28.05.2015 20:48:38 AddClass ILoggable
28.05.2015 20:48:38 AddClass IShuffle
28.05.2015 20:51:53 AddClass Animals
28.05.2015 20:51:54 AddClass CustomExpressionEvaluator
28.05.2015 20:51:54 AddClass ExpressionEvaluator
28.05.2015 20:51:54 AddClass IFuelConsumer
28.05.2015 20:51:54 AddClass ILoggable
28.05.2015 20:51:54 AddClass IShuffle
28.05.2015 20:52:36 AddClass Animals
28.05.2015 20:52:38 AddClass CustomExpressionEvaluator
28.05.2015 20:52:38 AddClass ExpressionEvaluator
28.05.2015 20:52:38 AddClass IFuelConsumer
28.05.2015 20:52:38 AddClass ILoggable
28.05.2015 20:52:38 AddClass IShuffle
29.05.2015 19:42:18 AddClass Animals
29.05.2015 19:42:19 AddClass CustomExpressionEvaluator
29.05.2015 19:42:19 AddClass ExpressionEvaluator
29.05.2015 19:42:19 AddClass IFuelConsumer
29.05.2015 19:42:19 AddClass ILoggable
29.05.2015 19:42:19 AddClass IShuffle
29.05.2015 19:42:46 AddAggregation ExpressionEvaluator
29.05.2015 19:43:08 AddAggregation IShuffle
29.05.2015 19:45:15 AddClass Animals
29.05.2015 19:45:16 AddClass CustomExpressionEvaluator
29.05.2015 19:45:16 AddClass ExpressionEvaluator
29.05.2015 19:45:16 AddClass IFuelConsumer
29.05.2015 19:45:16 AddClass ILoggable
29.05.2015 19:45:16 AddClass IShuffle
29.05.2015 19:45:46 SaveFiles Animals
29.05.2015 19:45:46 SaveFiles IShuffle
29.05.2015 19:45:46 SaveFiles IFuelConsumer
29.05.2015 19:45:46 SaveFiles ILoggable
29.05.2015 19:45:46 SaveFiles CustomExpressionEvaluator
29.05.2015 19:45:46 SaveFiles ExpressionEvaluator
29.05.2015 19:46:48 AddClass Animals
29.05.2015 19:46:48 AddClass CustomExpressionEvaluator
29.05.2015 19:46:49 AddClass ExpressionEvaluator
29.05.2015 19:46:49 AddClass IFuelConsumer
29.05.2015 19:46:49 AddClass ILoggable
29.05.2015 19:46:49 AddClass IShuffle
29.05.2015 19:46:56 SaveFiles Animals
29.05.2015 19:46:56 SaveFiles IFuelConsumer
29.05.2015 19:46:56 SaveFiles ILoggable
29.05.2015 19:46:56 SaveFiles IShuffle
29.05.2015 19:46:56 SaveFiles ExpressionEvaluator
29.05.2015 19:46:56 SaveFiles CustomExpressionEvaluator
29.05.2015 19:48:05 AddClass Animals
29.05.2015 19:48:06 AddClass CustomExpressionEvaluator
29.05.2015 19:48:06 AddClass ExpressionEvaluator
29.05.2015 19:48:06 AddClass IFuelConsumer
29.05.2015 19:48:06 AddClass ILoggable
29.05.2015 19:48:06 AddClass IShuffle
29.05.2015 19:48:32 SaveFiles CustomExpressionEvaluator
29.05.2015 19:48:32 SaveFiles IFuelConsumer
29.05.2015 19:48:32 SaveFiles ILoggable
29.05.2015 19:48:32 SaveFiles IShuffle
29.05.2015 19:48:32 SaveFiles ExpressionEvaluator
29.05.2015 19:48:32 SaveFiles Animals
29.05.2015 19:52:02 AddClass Animals
29.05.2015 19:52:03 AddClass CustomExpressionEvaluator
29.05.2015 19:52:03 AddClass ExpressionEvaluator
29.05.2015 19:52:03 AddClass IFuelConsumer
29.05.2015 19:52:03 AddClass ILoggable
29.05.2015 19:52:03 AddClass IShuffle
29.05.2015 21:01:43 AddClass Animals
29.05.2015 21:01:44 AddClass CustomExpressionEvaluator
29.05.2015 21:01:44 AddClass ExpressionEvaluator
29.05.2015 21:01:44 AddClass IFuelConsumer
29.05.2015 21:01:44 AddClass ILoggable
29.05.2015 21:01:44 AddClass IShuffle
29.05.2015 21:09:53 AddClass Animals
29.05.2015 21:09:54 AddClass CustomExpressionEvaluator
29.05.2015 21:09:54 AddClass ExpressionEvaluator
29.05.2015 21:09:54 AddClass IFuelConsumer
29.05.2015 21:09:54 AddClass ILoggable
29.05.2015 21:09:54 AddClass IShuffle
29.05.2015 21:10:32 AddClass Animals
29.05.2015 21:10:35 AddClass CustomExpressionEvaluator
29.05.2015 21:10:35 AddClass ExpressionEvaluator
29.05.2015 21:10:35 AddClass IFuelConsumer
29.05.2015 21:10:35 AddClass ILoggable
29.05.2015 21:10:35 AddClass IShuffle
29.05.2015 21:22:10 AddClass Animals
29.05.2015 21:22:11 AddClass CustomExpressionEvaluator
29.05.2015 21:22:11 AddClass ExpressionEvaluator
29.05.2015 21:22:11 AddClass IFuelConsumer
29.05.2015 21:22:11 AddClass ILoggable
29.05.2015 21:22:11 AddClass IShuffle
29.05.2015 21:43:05 AddClass Animals
29.05.2015 21:43:06 AddClass CustomExpressionEvaluator
29.05.2015 21:43:06 AddClass ExpressionEvaluator
29.05.2015 21:43:06 AddClass IFuelConsumer
29.05.2015 21:43:06 AddClass ILoggable
29.05.2015 21:43:06 AddClass IShuffle
29.05.2015 21:45:21 AddClass Animals
29.05.2015 21:45:22 AddClass CustomExpressionEvaluator
29.05.2015 21:45:22 AddClass ExpressionEvaluator
29.05.2015 21:45:22 AddClass IFuelConsumer
29.05.2015 21:45:22 AddClass ILoggable
29.05.2015 21:45:22 AddClass IShuffle
29.05.2015 21:47:13 AddClass Animals
29.05.2015 21:47:14 AddClass CustomExpressionEvaluator
29.05.2015 21:47:14 AddClass ExpressionEvaluator
29.05.2015 21:47:14 AddClass IFuelConsumer
29.05.2015 21:47:14 AddClass ILoggable
29.05.2015 21:47:14 AddClass IShuffle
29.05.2015 21:47:31 AddClass Animals
29.05.2015 21:47:36 AddClass CustomExpressionEvaluator
29.05.2015 21:47:36 AddClass ExpressionEvaluator
29.05.2015 21:47:36 AddClass IFuelConsumer
29.05.2015 21:47:36 AddClass ILoggable
29.05.2015 21:47:36 AddClass IShuffle
29.05.2015 21:47:58 AddClass Animals
29.05.2015 21:47:59 AddClass CustomExpressionEvaluator
29.05.2015 21:47:59 AddClass ExpressionEvaluator
29.05.2015 21:47:59 AddClass IFuelConsumer
29.05.2015 21:47:59 AddClass ILoggable
29.05.2015 21:47:59 AddClass IShuffle
29.05.2015 21:53:45 AddClass Animals
29.05.2015 21:53:46 AddClass CustomExpressionEvaluator
29.05.2015 21:53:46 AddClass ExpressionEvaluator
29.05.2015 21:53:46 AddClass IFuelConsumer
29.05.2015 21:53:46 AddClass ILoggable
29.05.2015 21:53:46 AddClass IShuffle
29.05.2015 21:53:52 SaveFiles Animals
29.05.2015 21:53:52 SaveFiles CustomExpressionEvaluator
29.05.2015 21:53:52 SaveFiles IFuelConsumer
29.05.2015 21:53:52 SaveFiles ILoggable
29.05.2015 21:53:52 SaveFiles IShuffle
29.05.2015 21:53:52 SaveFiles ExpressionEvaluator
29.05.2015 21:54:07 AddClass Animals
29.05.2015 21:54:08 AddClass CustomExpressionEvaluator
29.05.2015 21:54:08 AddClass ExpressionEvaluator
29.05.2015 21:54:08 AddClass IFuelConsumer
29.05.2015 21:54:08 AddClass ILoggable
29.05.2015 21:54:08 AddClass IShuffle
29.05.2015 21:54:13 SaveFiles Animals
29.05.2015 21:54:13 SaveFiles CustomExpressionEvaluator
29.05.2015 21:54:13 SaveFiles ExpressionEvaluator
29.05.2015 21:54:13 SaveFiles IFuelConsumer
29.05.2015 21:54:13 SaveFiles ILoggable
29.05.2015 21:54:13 SaveFiles IShuffle
29.05.2015 21:57:08 AddClass Animals
29.05.2015 21:57:09 AddClass CustomExpressionEvaluator
29.05.2015 21:57:09 AddClass ExpressionEvaluator
29.05.2015 21:57:09 AddClass IFuelConsumer
29.05.2015 21:57:09 AddClass ILoggable
29.05.2015 21:57:09 AddClass IShuffle
29.05.2015 21:57:14 SaveFiles Animals
29.05.2015 21:57:14 SaveFiles CustomExpressionEvaluator
29.05.2015 21:57:14 SaveFiles ExpressionEvaluator
29.05.2015 21:57:14 SaveFiles IFuelConsumer
29.05.2015 21:57:14 SaveFiles ILoggable
29.05.2015 21:57:14 SaveFiles IShuffle
29.05.2015 21:58:31 AddClass Animals
29.05.2015 21:58:32 AddClass CustomExpressionEvaluator
29.05.2015 21:58:32 AddClass ExpressionEvaluator
29.05.2015 21:58:32 AddClass IFuelConsumer
29.05.2015 21:58:32 AddClass ILoggable
29.05.2015 21:58:32 AddClass IShuffle
29.05.2015 21:58:36 SaveFiles Animals
29.05.2015 21:58:36 SaveFiles CustomExpressionEvaluator
29.05.2015 21:58:36 SaveFiles ExpressionEvaluator
29.05.2015 21:58:36 SaveFiles IFuelConsumer
29.05.2015 21:58:36 SaveFiles ILoggable
29.05.2015 21:58:36 SaveFiles IShuffle
29.05.2015 22:03:31 AddClass Class_0
29.05.2015 22:03:32 AddClass Class_1
29.05.2015 22:04:47 AddClass Class_0
29.05.2015 22:04:47 AddClass Class_1
29.05.2015 22:05:51 AddClass Class_0
29.05.2015 22:05:52 AddClass Class_1
29.05.2015 22:06:43 AddClass Class_0
29.05.2015 22:07:25 AddClass Class_0
29.05.2015 22:07:45 AddClass Class_0
29.05.2015 22:08:09 AddClass Class_0
29.05.2015 22:10:50 AddClass Class_0
29.05.2015 22:11:33 AddClass Class_0
29.05.2015 22:11:49 AddClass Class_0
29.05.2015 22:12:10 AddClass Class_0
29.05.2015 22:12:25 AddClass Class_0
29.05.2015 22:50:09 AddClass Animals
29.05.2015 22:50:10 AddClass CustomExpressionEvaluator
29.05.2015 22:50:10 AddClass ExpressionEvaluator
29.05.2015 22:50:10 AddClass IFuelConsumer
29.05.2015 22:50:10 AddClass ILoggable
29.05.2015 22:50:10 AddClass IShuffle
29.05.2015 22:50:27 DeleteClass Animals
29.05.2015 22:50:30 DeleteClass IFuelConsumer
